#
# There is insufficient memory for the Java Runtime Environment to continue.
# Native memory allocation (mmap) failed to map 134217728 bytes for G1 virtual space
# Possible reasons:
#   The system is out of physical RAM or swap space
#   The process is running with CompressedOops enabled, and the Java Heap may be blocking the growth of the native heap
# Possible solutions:
#   Reduce memory load on the system
#   Increase physical memory or swap space
#   Check if swap backing store is full
#   Decrease Java heap size (-Xmx/-Xms)
#   Decrease number of Java threads
#   Decrease Java thread stack sizes (-Xss)
#   Set larger code cache with -XX:ReservedCodeCacheSize=
#   JVM is running with Unscaled Compressed Oops mode in which the Java heap is
#     placed in the first 4GB address space. The Java Heap base address is the
#     maximum limit for the native heap growth. Please use -XX:HeapBaseMinAddress
#     to set the Java Heap base and to place the Java Heap above 4GB virtual address.
# This output file may be truncated or incomplete.
#
#  Out of Memory Error (os_windows.cpp:3771), pid=8968, tid=3484
#
# JRE version:  (17.0.7) (build )
# Java VM: OpenJDK 64-Bit Server VM (17.0.7+0-b2043.56-10550314, mixed mode, sharing, tiered, compressed oops, compressed class ptrs, g1 gc, windows-amd64)
# No core dump will be written. Minidumps are not enabled by default on client versions of Windows
#

---------------  S U M M A R Y ------------

Command Line: git4idea.http.GitAskPassApp Username for 'https://github.com': 

Host: Intel(R) Core(TM) i5-4210U CPU @ 1.70GHz, 4 cores, 7G,  Windows 10 , 64 bit Build 19041 (10.0.19041.3636)
Time: Mon Jan  1 19:07:26 2024 India Standard Time elapsed time: 0.039107 seconds (0d 0h 0m 0s)

---------------  T H R E A D  ---------------

Current thread (0x0000020d3db0d370):  JavaThread "Unknown thread" [_thread_in_vm, id=3484, stack(0x0000005986100000,0x0000005986200000)]

Stack: [0x0000005986100000,0x0000005986200000]
Native frames: (J=compiled Java code, j=interpreted, Vv=VM code, C=native code)
V  [jvm.dll+0x683bfa]
V  [jvm.dll+0x8430a4]
V  [jvm.dll+0x8449be]
V  [jvm.dll+0x845023]
V  [jvm.dll+0x24ad2f]
V  [jvm.dll+0x680ac9]
V  [jvm.dll+0x67519a]
V  [jvm.dll+0x30b3cb]
V  [jvm.dll+0x312876]
V  [jvm.dll+0x36221e]
V  [jvm.dll+0x36244f]
V  [jvm.dll+0x2e14a8]
V  [jvm.dll+0x2e2414]
V  [jvm.dll+0x814391]
V  [jvm.dll+0x36ffe1]
V  [jvm.dll+0x7f396c]
V  [jvm.dll+0x3f305f]
V  [jvm.dll+0x3f4b91]
C  [jli.dll+0x528f]
C  [ucrtbase.dll+0x21bb2]
C  [KERNEL32.DLL+0x17344]
C  [ntdll.dll+0x526b1]


---------------  P R O C E S S  ---------------

Threads class SMR info:
_java_thread_list=0x00007ffc769bd098, length=0, elements={
}

Java Threads: ( => current thread )

Other Threads:
  0x0000020d3db658e0 GCTaskThread "GC Thread#0" [stack: 0x0000005986200000,0x0000005986300000] [id=11476]
  0x0000020d3db765a0 ConcurrentGCThread "G1 Main Marker" [stack: 0x0000005986300000,0x0000005986400000] [id=5712]
  0x0000020d3db77750 ConcurrentGCThread "G1 Conc#0" [stack: 0x0000005986400000,0x0000005986500000] [id=11892]

[error occurred during error reporting (printing all threads), id 0xc0000005, EXCEPTION_ACCESS_VIOLATION (0xc0000005) at pc=0x00007ffc76172087]

VM state: not at safepoint (not fully initialized)

VM Mutex/Monitor currently owned by a thread:  ([mutex/lock_event])
[0x0000020d3db09ce0] Heap_lock - owner thread: 0x0000020d3db0d370

Heap address: 0x0000000081400000, size: 2028 MB, Compressed Oops mode: 32-bit

CDS archive(s) mapped at: [0x0000000000000000-0x0000000000000000-0x0000000000000000), size 0, SharedBaseAddress: 0x0000000800000000, ArchiveRelocationMode: 0.
Narrow klass base: 0x0000000000000000, Narrow klass shift: 0, Narrow klass range: 0x0

GC Precious Log:
<Empty>

Heap:
 garbage-first heap   total 0K, used 0K [0x0000000081400000, 0x0000000100000000)
  region size 1024K, 0 young (0K), 0 survivors (0K)
 Metaspace       used 0K, committed 0K, reserved 0K
  class space    used 0K, committed 0K, reserved 0K

Heap Regions: E=young(eden), S=young(survivor), O=old, HS=humongous(starts), HC=humongous(continues), CS=collection set, F=free, OA=open archive, CA=closed archive, TAMS=top-at-mark-start (previous, next)

Card table byte_map: [0x0000020d503e0000,0x0000020d507e0000] _byte_map_base: 0x0000020d4ffd6000

Marking Bits (Prev, Next): (CMBitMap*) 0x0000020d3db65ef0, (CMBitMap*) 0x0000020d3db65f30
 Prev Bits: [0x0000020d50be0000, 0x0000020d52b90000)
 Next Bits: [0x0000020d52b90000, 0x0000020d54b40000)

GC Heap History (0 events):
No events

Dll operation events (1 events):
Event: 0.009 Loaded shared library C:\Program Files\Android\Android Studio\jbr\bin\java.dll

Deoptimization events (0 events):
No events

Classes unloaded (0 events):
No events

Classes redefined (0 events):
No events

Internal exceptions (0 events):
No events

VM Operations (0 events):
No events

Events (0 events):
No events


Dynamic libraries:
0x00007ff711660000 - 0x00007ff71166a000 	C:\Program Files\Android\Android Studio\jbr\bin\java.exe
0x00007ffcd07d0000 - 0x00007ffcd09c8000 	C:\WINDOWS\SYSTEM32\ntdll.dll
0x00007ffcceb10000 - 0x00007ffccebcd000 	C:\WINDOWS\System32\KERNEL32.DLL
0x00007ffcce080000 - 0x00007ffcce376000 	C:\WINDOWS\System32\KERNELBASE.dll
0x00007ffccb6b0000 - 0x00007ffccb740000 	C:\WINDOWS\SYSTEM32\apphelp.dll
0x00007ffcce380000 - 0x00007ffcce480000 	C:\WINDOWS\System32\ucrtbase.dll
0x00007ffcbfc50000 - 0x00007ffcbfc67000 	C:\Program Files\Android\Android Studio\jbr\bin\jli.dll
0x00007ffcc08f0000 - 0x00007ffcc090b000 	C:\Program Files\Android\Android Studio\jbr\bin\VCRUNTIME140.dll
0x00007ffcce970000 - 0x00007ffcceb0e000 	C:\WINDOWS\System32\USER32.dll
0x00007ffcbf160000 - 0x00007ffcbf3fa000 	C:\WINDOWS\WinSxS\amd64_microsoft.windows.common-controls_6595b64144ccf1df_6.0.19041.3636_none_60b6a03d71f818d5\COMCTL32.dll
0x00007ffcce510000 - 0x00007ffcce532000 	C:\WINDOWS\System32\win32u.dll
0x00007ffccf890000 - 0x00007ffccf92e000 	C:\WINDOWS\System32\msvcrt.dll
0x00007ffccf930000 - 0x00007ffccf95c000 	C:\WINDOWS\System32\GDI32.dll
0x00007ffccdf60000 - 0x00007ffcce07a000 	C:\WINDOWS\System32\gdi32full.dll
0x00007ffcce540000 - 0x00007ffcce5dd000 	C:\WINDOWS\System32\msvcp_win.dll
0x00007ffccf4a0000 - 0x00007ffccf4d0000 	C:\WINDOWS\System32\IMM32.DLL
0x00007ffcc8470000 - 0x00007ffcc847c000 	C:\Program Files\Android\Android Studio\jbr\bin\vcruntime140_1.dll
0x00007ffcacfa0000 - 0x00007ffcad02d000 	C:\Program Files\Android\Android Studio\jbr\bin\msvcp140.dll
0x00007ffc75e80000 - 0x00007ffc76b00000 	C:\Program Files\Android\Android Studio\jbr\bin\server\jvm.dll
0x00007ffccf090000 - 0x00007ffccf13f000 	C:\WINDOWS\System32\ADVAPI32.dll
0x00007ffccf7f0000 - 0x00007ffccf88c000 	C:\WINDOWS\System32\sechost.dll
0x00007ffcce830000 - 0x00007ffcce956000 	C:\WINDOWS\System32\RPCRT4.dll
0x00007ffcbe8e0000 - 0x00007ffcbe907000 	C:\WINDOWS\SYSTEM32\WINMM.dll
0x00007ffcc99a0000 - 0x00007ffcc99a9000 	C:\WINDOWS\SYSTEM32\WSOCK32.dll
0x00007ffcbf4c0000 - 0x00007ffcbf4ca000 	C:\WINDOWS\SYSTEM32\VERSION.dll
0x00007ffccf550000 - 0x00007ffccf5bb000 	C:\WINDOWS\System32\WS2_32.dll
0x00007ffccbd70000 - 0x00007ffccbd82000 	C:\WINDOWS\SYSTEM32\kernel.appcore.dll
0x00007ffcc8430000 - 0x00007ffcc843a000 	C:\Program Files\Android\Android Studio\jbr\bin\jimage.dll
0x00007ffcb7b80000 - 0x00007ffcb7d64000 	C:\WINDOWS\SYSTEM32\DBGHELP.DLL
0x00007ffcb7b40000 - 0x00007ffcb7b74000 	C:\WINDOWS\SYSTEM32\dbgcore.DLL
0x00007ffcce480000 - 0x00007ffcce502000 	C:\WINDOWS\System32\bcryptPrimitives.dll
0x00007ffcc1c60000 - 0x00007ffcc1c85000 	C:\Program Files\Android\Android Studio\jbr\bin\java.dll

dbghelp: loaded successfully - version: 4.0.5 - missing functions: none
symbol engine: initialized successfully - sym options: 0x614 - pdb path: .;C:\Program Files\Android\Android Studio\jbr\bin;C:\WINDOWS\SYSTEM32;C:\WINDOWS\WinSxS\amd64_microsoft.windows.common-controls_6595b64144ccf1df_6.0.19041.3636_none_60b6a03d71f818d5;C:\Program Files\Android\Android Studio\jbr\bin\server

VM Arguments:
java_command: git4idea.http.GitAskPassApp Username for 'https://github.com': 
java_class_path (initial): C:/Program Files/Android/Android Studio/plugins/vcs-git/lib/git4idea-rt.jar;C:/Program Files/Android/Android Studio/lib/externalProcess-rt.jar
Launcher Type: SUN_STANDARD

[Global flags]
     intx CICompilerCount                          = 3                                         {product} {ergonomic}
     uint ConcGCThreads                            = 1                                         {product} {ergonomic}
     uint G1ConcRefinementThreads                  = 4                                         {product} {ergonomic}
   size_t G1HeapRegionSize                         = 1048576                                   {product} {ergonomic}
    uintx GCDrainStackTargetSize                   = 64                                        {product} {ergonomic}
   size_t InitialHeapSize                          = 134217728                                 {product} {ergonomic}
   size_t MarkStackSize                            = 4194304                                   {product} {ergonomic}
   size_t MaxHeapSize                              = 2126512128                                {product} {ergonomic}
   size_t MinHeapDeltaBytes                        = 1048576                                   {product} {ergonomic}
   size_t MinHeapSize                              = 8388608                                   {product} {ergonomic}
    uintx NonNMethodCodeHeapSize                   = 5832780                                {pd product} {ergonomic}
    uintx NonProfiledCodeHeapSize                  = 122912730                              {pd product} {ergonomic}
    uintx ProfiledCodeHeapSize                     = 122912730                              {pd product} {ergonomic}
    uintx ReservedCodeCacheSize                    = 251658240                              {pd product} {ergonomic}
     bool SegmentedCodeCache                       = true                                      {product} {ergonomic}
   size_t SoftMaxHeapSize                          = 2126512128                             {manageable} {ergonomic}
     bool UseCompressedClassPointers               = true                           {product lp64_product} {ergonomic}
     bool UseCompressedOops                        = true                           {product lp64_product} {ergonomic}
     bool UseG1GC                                  = true                                      {product} {ergonomic}
     bool UseLargePagesIndividualAllocation        = false                                  {pd product} {ergonomic}

Logging:
Log output configuration:
 #0: stdout all=warning uptime,level,tags
 #1: stderr all=off uptime,level,tags

Environment Variables:
PATH=C:/Program Files/Git/mingw64/libexec/git-core;C:/Program Files/Git/mingw64/libexec/git-core;C:\Program Files\Git\mingw64\bin;C:\Program Files\Git\usr\bin;C:\Users\Nishit\bin;C:\Program Files\Python311\Scripts\;C:\Program Files\Python311\;C:\Program Files\Common Files\Oracle\Java\javapath;C:\Program Files (x86)\Common Files\Oracle\Java\javapath;C:\WINDOWS\system32;C:\WINDOWS;C:\WINDOWS\System32\Wbem;C:\WINDOWS\System32\WindowsPowerShell\v1.0\;C:\WINDOWS\System32\OpenSSH\;C:\ProgramData\ComposerSetup\bin;C:\Program Files\nodejs\;C:\ProgramData\chocolatey\bin;G:\xampp\php;C:\Program Files\dotnet\;C:\Program Files\Git\cmd;C:\Users\Nishit\AppData\Local\Microsoft\WindowsApps;C:\Users\Nishit\AppData\Local\Programs\Microsoft VS Code\bin;C:\Users\Nishit\AppData\Roaming\npm;C:\Users\Nishit\AppData\Local\GitHubDesktop\bin
USERNAME=Nishit
DISPLAY=:0.0
LC_ALL=en_US.UTF-8
TERM=xterm-256color
TMPDIR=C:\Users\Nishit\AppData\Local\Temp
OS=Windows_NT
PROCESSOR_IDENTIFIER=Intel64 Family 6 Model 69 Stepping 1, GenuineIntel
TMP=C:\Users\Nishit\AppData\Local\Temp
TEMP=C:\Users\Nishit\AppData\Local\Temp


JNI global refs:
JNI global refs: 0, weak refs: 0

JNI global refs memory usage: 0, weak refs: 0

OOME stack traces (most recent first):
Classloader memory used:


---------------  S Y S T E M  ---------------

OS:
 Windows 10 , 64 bit Build 19041 (10.0.19041.3636)
OS uptime: 1 days 22:30 hours

CPU: total 4 (initial active 4) (2 cores per cpu, 2 threads per core) family 6 model 69 stepping 1 microcode 0x25, cx8, cmov, fxsr, ht, mmx, sse, sse2, sse3, ssse3, sse4.1, sse4.2, popcnt, lzcnt, tsc, tscinvbit, avx, avx2, aes, erms, clmul, bmi1, bmi2, fma, vzeroupper, clflush

Memory: 4k page, system-wide physical 8108M (1230M free)
TotalPageFile size 12573M (AvailPageFile size 110M)
current process WorkingSet (physical memory assigned to process): 11M, peak: 11M
current process commit charge ("private bytes"): 51M, peak: 179M

vm_info: OpenJDK 64-Bit Server VM (17.0.7+0-b2043.56-10550314) for windows-amd64 JRE (17.0.7+0-b2043.56-10550314), built on Jul 24 2023 18:27:45 by "androidbuild" with MS VC++ 16.10 / 16.11 (VS2019)

END.
